[START] database installation
  create or replace database and get connection
  [START] create database tables
    [SQL] 0
  [END:ERROR] create database tables: [1064]: You have an error in your SQL syntax; check the manual that corresponds to your MySQL server version for the right syntax to use near 'START TRANSACTION' at line 1
[END] database installation
[START] update config files
  [START] process file: tce_db_config.php
    open file [OK]
    read file [OK]
      update value 0 [OK]
      update value 1 [OK]
      update value 2 [OK]
      update value 3 [OK]
      update value 4 [OK]
      update value 5 [OK]
      update value 6 [OK]
    write file [OK]
    close file [OK]
  [END] process file: tce_db_config.php
  [START] process file: tce_paths.php
    open file [OK]
    read file [OK]
      update value 0 [OK]
      update value 1 [OK]
      update value 2 [OK]
      update value 3 [OK]
    write file [OK]
    close file [OK]
  [END] process file: tce_paths.php
[END] update config files
--- END LOG: 2019-12-18 23:26:40 ---
